2023-04-14 08:19:28 [2559948] Interval: 5 seconds
2023-04-14 08:19:32 [2559948] Sleeptime: 10
2023-04-14 08:19:59 [2559948] END
2023-04-14 08:23:31 [2561358] <SchedulerEvent (code=16)>
2023-04-14 08:23:31 [2561358] <SchedulerEvent (code=64)>
2023-04-14 08:23:31 [2561358] <JobEvent (code=512)>
2023-04-14 08:23:31 [2561358] <SchedulerEvent (code=1)>
2023-04-14 08:23:32 [2561358] <JobSubmissionEvent (code=32768)>
2023-04-14 08:23:32 [2561765] Interval: 3 seconds
2023-04-14 08:23:32 [2561765] Sleeptime: 8
2023-04-14 08:23:35 [2561358] <JobSubmissionEvent (code=65536)>
2023-04-14 08:23:38 [2561358] <JobSubmissionEvent (code=65536)>
2023-04-14 08:23:40 [2561765] END
2023-04-14 08:23:40 [2561358] <JobExecutionEvent (code=4096)>
2023-04-14 08:23:41 [2561358] <JobSubmissionEvent (code=32768)>
2023-04-14 08:23:41 [2561824] Interval: 3 seconds
2023-04-14 08:23:41 [2561824] Sleeptime: 8
2023-04-14 08:23:44 [2561358] <JobSubmissionEvent (code=65536)>
2023-04-14 08:23:47 [2561358] <JobSubmissionEvent (code=65536)>
2023-04-14 08:23:49 [2561824] END
2023-04-14 08:23:49 [2561358] <JobExecutionEvent (code=4096)>
2023-04-14 08:23:50 [2561358] <JobSubmissionEvent (code=32768)>
2023-04-14 08:23:50 [2561926] Interval: 3 seconds
2023-04-14 08:23:50 [2561926] Sleeptime: 8
2023-04-14 08:23:53 [2561358] <JobSubmissionEvent (code=65536)>
2023-04-14 08:23:56 [2561358] <JobSubmissionEvent (code=65536)>
2023-04-14 08:23:58 [2561926] END
2023-04-14 08:23:58 [2561358] <JobExecutionEvent (code=4096)>
2023-04-14 08:23:59 [2561358] <JobSubmissionEvent (code=32768)>
2023-04-14 08:23:59 [2562138] Interval: 3 seconds
2023-04-14 08:23:59 [2562138] Sleeptime: 8
2023-04-14 08:24:02 [2561358] <JobSubmissionEvent (code=65536)>
2023-04-14 08:24:05 [2561358] <JobSubmissionEvent (code=65536)>
2023-04-14 08:24:07 [2562138] END
2023-04-14 08:24:07 [2561358] <JobExecutionEvent (code=4096)>
2023-04-14 08:24:08 [2561358] <JobSubmissionEvent (code=32768)>
2023-04-14 08:24:08 [2562257] Interval: 3 seconds
2023-04-14 08:24:08 [2562257] Sleeptime: 8
2023-04-14 08:24:11 [2561358] <JobSubmissionEvent (code=65536)>
2023-04-14 08:24:14 [2561358] <JobSubmissionEvent (code=65536)>
2023-04-14 08:24:16 [2562257] END
2023-04-14 08:24:16 [2561358] <JobExecutionEvent (code=4096)>
2023-04-14 08:24:17 [2561358] <JobSubmissionEvent (code=32768)>
2023-04-14 08:24:17 [2562314] Interval: 3 seconds
2023-04-14 08:24:17 [2562314] Sleeptime: 8
2023-04-14 08:24:20 [2561358] <JobSubmissionEvent (code=65536)>
2023-04-14 08:24:23 [2561358] <JobSubmissionEvent (code=65536)>
2023-04-14 08:24:25 [2562314] END
2023-04-14 08:24:25 [2561358] <JobExecutionEvent (code=4096)>
2023-04-14 08:24:26 [2561358] <JobSubmissionEvent (code=32768)>
2023-04-14 08:24:26 [2562420] Interval: 3 seconds
2023-04-14 08:24:26 [2562420] Sleeptime: 8
2023-04-14 08:24:29 [2561358] <JobSubmissionEvent (code=65536)>
2023-04-14 08:24:32 [2561358] <JobSubmissionEvent (code=65536)>
2023-04-14 08:24:34 [2562420] END
2023-04-14 08:24:34 [2561358] <JobExecutionEvent (code=4096)>
2023-04-14 08:24:35 [2561358] <JobSubmissionEvent (code=32768)>
2023-04-14 08:24:35 [2562511] Interval: 3 seconds
2023-04-14 08:24:35 [2562511] Sleeptime: 8
2023-04-14 08:24:38 [2561358] <JobSubmissionEvent (code=65536)>
2023-04-14 08:24:41 [2561358] <JobSubmissionEvent (code=65536)>
2023-04-14 08:24:43 [2562511] END
2023-04-14 08:24:43 [2561358] <JobExecutionEvent (code=4096)>
2023-04-14 08:24:44 [2561358] <JobSubmissionEvent (code=32768)>
2023-04-14 08:24:44 [2562599] Interval: 3 seconds
2023-04-14 08:24:44 [2562599] Sleeptime: 8
2023-04-14 08:24:47 [2561358] <JobSubmissionEvent (code=65536)>
2023-04-14 08:24:50 [2561358] <JobSubmissionEvent (code=65536)>
2023-04-14 08:24:52 [2562599] END
2023-04-14 08:24:52 [2561358] <JobExecutionEvent (code=4096)>
2023-04-14 08:24:53 [2561358] <JobSubmissionEvent (code=32768)>
2023-04-14 08:24:53 [2562676] Interval: 3 seconds
2023-04-14 08:24:53 [2562676] Sleeptime: 8
2023-04-14 08:24:56 [2561358] <JobSubmissionEvent (code=65536)>
2023-04-14 08:24:59 [2561358] <JobSubmissionEvent (code=65536)>
2023-04-14 08:25:01 [2562676] END
2023-04-14 08:25:01 [2561358] <JobExecutionEvent (code=4096)>
2023-04-14 08:25:02 [2561358] <JobSubmissionEvent (code=32768)>
2023-04-14 08:25:02 [2562834] Interval: 3 seconds
2023-04-14 08:25:02 [2562834] Sleeptime: 8
2023-04-14 08:25:05 [2561358] <JobSubmissionEvent (code=65536)>
2023-04-14 08:25:08 [2561358] <JobSubmissionEvent (code=65536)>
2023-04-14 08:25:10 [2562834] END
2023-04-14 08:25:10 [2561358] <JobExecutionEvent (code=4096)>
2023-04-14 08:25:11 [2561358] <JobSubmissionEvent (code=32768)>
2023-04-14 08:25:11 [2562920] Interval: 3 seconds
2023-04-14 08:25:11 [2562920] Sleeptime: 8
2023-04-14 08:25:14 [2561358] <JobSubmissionEvent (code=65536)>
2023-04-14 08:25:17 [2561358] <JobSubmissionEvent (code=65536)>
2023-04-14 08:25:19 [2562920] END
2023-04-14 08:25:19 [2561358] <JobExecutionEvent (code=4096)>
2023-04-14 08:25:20 [2561358] <JobSubmissionEvent (code=32768)>
2023-04-14 08:25:20 [2563006] Interval: 3 seconds
2023-04-14 08:25:20 [2563006] Sleeptime: 8
2023-04-14 08:25:23 [2561358] <JobSubmissionEvent (code=65536)>
2023-04-14 08:25:26 [2561358] <JobSubmissionEvent (code=65536)>
2023-04-14 08:25:28 [2563006] END
2023-04-14 08:25:28 [2561358] <JobExecutionEvent (code=4096)>
2023-04-14 08:25:29 [2561358] <JobSubmissionEvent (code=32768)>
2023-04-14 08:25:29 [2563091] Interval: 3 seconds
2023-04-14 08:25:29 [2563091] Sleeptime: 8
2023-04-14 08:25:32 [2561358] <JobSubmissionEvent (code=65536)>
2023-04-14 08:25:35 [2561358] <JobSubmissionEvent (code=65536)>
2023-04-14 08:25:37 [2563091] END
2023-04-14 08:25:37 [2561358] <JobExecutionEvent (code=4096)>
2023-04-14 08:25:38 [2561358] <JobSubmissionEvent (code=32768)>
2023-04-14 08:25:38 [2563180] Interval: 3 seconds
2023-04-14 08:25:38 [2563180] Sleeptime: 8
2023-04-14 08:25:41 [2561358] <JobSubmissionEvent (code=65536)>
2023-04-14 08:25:44 [2561358] <JobSubmissionEvent (code=65536)>
2023-04-14 08:25:46 [2563180] END
2023-04-14 08:25:46 [2561358] <JobExecutionEvent (code=4096)>
2023-04-14 08:25:47 [2561358] <JobSubmissionEvent (code=32768)>
2023-04-14 08:25:47 [2563287] Interval: 3 seconds
2023-04-14 08:25:47 [2563287] Sleeptime: 8
2023-04-14 08:25:50 [2561358] <JobSubmissionEvent (code=65536)>
2023-04-14 08:25:53 [2561358] <JobSubmissionEvent (code=65536)>
2023-04-14 08:25:55 [2563287] END
2023-04-14 08:25:55 [2561358] <JobExecutionEvent (code=4096)>
2023-04-14 08:25:56 [2561358] <JobSubmissionEvent (code=32768)>
2023-04-14 08:25:56 [2563376] Interval: 3 seconds
2023-04-14 08:25:56 [2563376] Sleeptime: 8
2023-04-14 08:25:59 [2561358] <JobSubmissionEvent (code=65536)>
2023-04-14 08:26:02 [2561358] <JobSubmissionEvent (code=65536)>
2023-04-14 08:26:04 [2563376] END
2023-04-14 08:26:04 [2561358] <JobExecutionEvent (code=4096)>
2023-04-14 08:26:05 [2561358] <JobSubmissionEvent (code=32768)>
2023-04-14 08:26:05 [2563597] Interval: 3 seconds
2023-04-14 08:26:05 [2563597] Sleeptime: 8
2023-04-14 08:26:08 [2561358] <JobSubmissionEvent (code=65536)>
2023-04-14 08:26:11 [2561358] <JobSubmissionEvent (code=65536)>
2023-04-14 08:26:13 [2563597] END
2023-04-14 08:26:13 [2561358] <JobExecutionEvent (code=4096)>
2023-04-14 08:26:14 [2561358] <JobSubmissionEvent (code=32768)>
2023-04-14 08:26:14 [2563685] Interval: 3 seconds
2023-04-14 08:26:14 [2563685] Sleeptime: 8
2023-04-14 08:26:17 [2561358] <JobSubmissionEvent (code=65536)>
2023-04-14 08:26:20 [2561358] <JobSubmissionEvent (code=65536)>
2023-04-14 08:26:22 [2563685] END
2023-04-14 08:26:22 [2561358] <JobExecutionEvent (code=4096)>
2023-04-14 08:26:23 [2561358] <JobSubmissionEvent (code=32768)>
2023-04-14 08:26:23 [2563799] Interval: 3 seconds
2023-04-14 08:26:23 [2563799] Sleeptime: 8
2023-04-14 08:26:26 [2561358] <JobSubmissionEvent (code=65536)>
2023-04-14 08:26:29 [2561358] <JobSubmissionEvent (code=65536)>
2023-04-14 08:26:31 [2563799] END
2023-04-14 08:26:31 [2561358] <JobExecutionEvent (code=4096)>
2023-04-14 08:26:32 [2561358] <JobSubmissionEvent (code=32768)>
2023-04-14 08:26:32 [2563890] Interval: 3 seconds
2023-04-14 08:26:32 [2563890] Sleeptime: 8
2023-04-14 08:26:35 [2561358] <JobSubmissionEvent (code=65536)>
